# JRE version: Java(TM) SE Runtime Environment (8.0_171-b11) (build 1.8.0_171-b11)
# Java VM: Java HotSpot(TM) 64-Bit Server VM (25.171-b11 mixed mode bsd-amd64 compressed oops)
Heap:
 PSYoungGen      total 32768K, used 14946K [0x0000000795580000, 0x0000000798180000, 0x00000007c0000000)
  eden space 31744K, 44% used [0x0000000795580000,0x0000000796350940,0x0000000797480000)
  from space 1024K, 78% used [0x0000000797500000,0x00000007975c8000,0x0000000797600000)
  to   space 6656K, 0% used [0x0000000797b00000,0x0000000797b00000,0x0000000798180000)
 ParOldGen       total 87552K, used 3554K [0x0000000740000000, 0x0000000745580000, 0x0000000795580000)
  object space 87552K, 4% used [0x0000000740000000,0x0000000740378ba0,0x0000000745580000)
 Metaspace       used 10109K, capacity 10287K, committed 10368K, reserved 1058816K
  class space    used 1059K, capacity 1120K, committed 1152K, reserved 1048576K
GC Heap History (10 events):
Event: 4.255 GC heap before
{Heap before GC invocations=3 (full 0):
 PSYoungGen      total 38400K, used 35104K [0x0000000795580000, 0x0000000798000000, 0x00000007c0000000)
  eden space 33280K, 100% used [0x0000000795580000,0x0000000797600000,0x0000000797600000)
  from space 5120K, 35% used [0x0000000797b00000,0x0000000797cc8020,0x0000000798000000)
  to   space 5120K, 0% used [0x0000000797600000,0x0000000797600000,0x0000000797b00000)
 ParOldGen       total 87552K, used 1841K [0x0000000740000000, 0x0000000745580000, 0x0000000795580000)
  object space 87552K, 2% used [0x0000000740000000,0x00000007401cc608,0x0000000745580000)
 Metaspace       used 9910K, capacity 10031K, committed 10112K, reserved 1058816K
  class space    used 1050K, capacity 1120K, committed 1152K, reserved 1048576K
Event: 4.257 GC heap after
Heap after GC invocations=3 (full 0):
 PSYoungGen      total 38400K, used 2000K [0x0000000795580000, 0x0000000798000000, 0x00000007c0000000)
  eden space 33280K, 0% used [0x0000000795580000,0x0000000795580000,0x0000000797600000)
  from space 5120K, 39% used [0x0000000797600000,0x00000007977f4010,0x0000000797b00000)
  to   space 5120K, 0% used [0x0000000797b00000,0x0000000797b00000,0x0000000798000000)
 ParOldGen       total 87552K, used 1849K [0x0000000740000000, 0x0000000745580000, 0x0000000795580000)
  object space 87552K, 2% used [0x0000000740000000,0x00000007401ce608,0x0000000745580000)
 Metaspace       used 9910K, capacity 10031K, committed 10112K, reserved 1058816K
  class space    used 1050K, capacity 1120K, committed 1152K, reserved 1048576K
}
Event: 5.361 GC heap before
{Heap before GC invocations=4 (full 0):
 PSYoungGen      total 38400K, used 35280K [0x0000000795580000, 0x0000000798000000, 0x00000007c0000000)
  eden space 33280K, 100% used [0x0000000795580000,0x0000000797600000,0x0000000797600000)
  from space 5120K, 39% used [0x0000000797600000,0x00000007977f4010,0x0000000797b00000)
  to   space 5120K, 0% used [0x0000000797b00000,0x0000000797b00000,0x0000000798000000)
 ParOldGen       total 87552K, used 1849K [0x0000000740000000, 0x0000000745580000, 0x0000000795580000)
  object space 87552K, 2% used [0x0000000740000000,0x00000007401ce608,0x0000000745580000)
 Metaspace       used 9939K, capacity 10159K, committed 10368K, reserved 1058816K
  class space    used 1050K, capacity 1120K, committed 1152K, reserved 1048576K
Event: 5.364 GC heap after
Heap after GC invocations=4 (full 0):
 PSYoungGen      total 38400K, used 2226K [0x0000000795580000, 0x0000000798000000, 0x00000007c0000000)
  eden space 33280K, 0% used [0x0000000795580000,0x0000000795580000,0x0000000797600000)
  from space 5120K, 43% used [0x0000000797b00000,0x0000000797d2c800,0x0000000798000000)
  to   space 5120K, 0% used [0x0000000797600000,0x0000000797600000,0x0000000797b00000)
 ParOldGen       total 87552K, used 1857K [0x0000000740000000, 0x0000000745580000, 0x0000000795580000)
  object space 87552K, 2% used [0x0000000740000000,0x00000007401d0608,0x0000000745580000)
 Metaspace       used 9939K, capacity 10159K, committed 10368K, reserved 1058816K
  class space    used 1050K, capacity 1120K, committed 1152K, reserved 1048576K
}
Event: 6.445 GC heap before
{Heap before GC invocations=5 (full 0):
 PSYoungGen      total 38400K, used 35470K [0x0000000795580000, 0x0000000798000000, 0x00000007c0000000)
  eden space 33280K, 99% used [0x0000000795580000,0x00000007975f7358,0x0000000797600000)
  from space 5120K, 43% used [0x0000000797b00000,0x0000000797d2c800,0x0000000798000000)
  to   space 5120K, 0% used [0x0000000797600000,0x0000000797600000,0x0000000797b00000)
 ParOldGen       total 87552K, used 1857K [0x0000000740000000, 0x0000000745580000, 0x0000000795580000)
  object space 87552K, 2% used [0x0000000740000000,0x00000007401d0608,0x0000000745580000)
 Metaspace       used 9942K, capacity 10159K, committed 10368K, reserved 1058816K
  class space    used 1050K, capacity 1120K, committed 1152K, reserved 1048576K
Event: 6.448 GC heap after
Heap after GC invocations=5 (full 0):
 PSYoungGen      total 37888K, used 2224K [0x0000000795580000, 0x0000000798280000, 0x00000007c0000000)
  eden space 32768K, 0% used [0x0000000795580000,0x0000000795580000,0x0000000797580000)
  from space 5120K, 43% used [0x0000000797600000,0x000000079782c010,0x0000000797b00000)
  to   space 6656K, 0% used [0x0000000797c00000,0x0000000797c00000,0x0000000798280000)
 ParOldGen       total 87552K, used 1865K [0x0000000740000000, 0x0000000745580000, 0x0000000795580000)
  object space 87552K, 2% used [0x0000000740000000,0x00000007401d2608,0x0000000745580000)
 Metaspace       used 9942K, capacity 10159K, committed 10368K, reserved 1058816K
  class space    used 1050K, capacity 1120K, committed 1152K, reserved 1048576K
}
Event: 7.511 GC heap before
{Heap before GC invocations=6 (full 0):
 PSYoungGen      total 37888K, used 34992K [0x0000000795580000, 0x0000000798280000, 0x00000007c0000000)
  eden space 32768K, 100% used [0x0000000795580000,0x0000000797580000,0x0000000797580000)
  from space 5120K, 43% used [0x0000000797600000,0x000000079782c010,0x0000000797b00000)
  to   space 6656K, 0% used [0x0000000797c00000,0x0000000797c00000,0x0000000798280000)
 ParOldGen       total 87552K, used 1865K [0x0000000740000000, 0x0000000745580000, 0x0000000795580000)
  object space 87552K, 2% used [0x0000000740000000,0x00000007401d2608,0x0000000745580000)
 Metaspace       used 9942K, capacity 10159K, committed 10368K, reserved 1058816K
  class space    used 1050K, capacity 1120K, committed 1152K, reserved 1048576K
Event: 7.514 GC heap after
Heap after GC invocations=6 (full 0):
 PSYoungGen      total 38400K, used 2336K [0x0000000795580000, 0x0000000798200000, 0x00000007c0000000)
  eden space 32256K, 0% used [0x0000000795580000,0x0000000795580000,0x0000000797500000)
  from space 6144K, 38% used [0x0000000797c00000,0x0000000797e48000,0x0000000798200000)
  to   space 6656K, 0% used [0x0000000797500000,0x0000000797500000,0x0000000797b80000)
 ParOldGen       total 87552K, used 1873K [0x0000000740000000, 0x0000000745580000, 0x0000000795580000)
  object space 87552K, 2% used [0x0000000740000000,0x00000007401d4608,0x0000000745580000)
 Metaspace       used 9942K, capacity 10159K, committed 10368K, reserved 1058816K
  class space    used 1050K, capacity 1120K, committed 1152K, reserved 1048576K
}
Event: 17.371 GC heap before
{Heap before GC invocations=7 (full 0):
 PSYoungGen      total 38400K, used 34592K [0x0000000795580000, 0x0000000798200000, 0x00000007c0000000)
  eden space 32256K, 100% used [0x0000000795580000,0x0000000797500000,0x0000000797500000)
  from space 6144K, 38% used [0x0000000797c00000,0x0000000797e48000,0x0000000798200000)
  to   space 6656K, 0% used [0x0000000797500000,0x0000000797500000,0x0000000797b80000)
 ParOldGen       total 87552K, used 1873K [0x0000000740000000, 0x0000000745580000, 0x0000000795580000)
  object space 87552K, 2% used [0x0000000740000000,0x00000007401d4608,0x0000000745580000)
 Metaspace       used 10090K, capacity 10223K, committed 10368K, reserved 1058816K
  class space    used 1058K, capacity 1120K, committed 1152K, reserved 1048576K
Event: 17.380 GC heap after
Heap after GC invocations=7 (full 0):
 PSYoungGen      total 32768K, used 800K [0x0000000795580000, 0x0000000798180000, 0x00000007c0000000)
  eden space 31744K, 0% used [0x0000000795580000,0x0000000795580000,0x0000000797480000)
  from space 1024K, 78% used [0x0000000797500000,0x00000007975c8000,0x0000000797600000)
  to   space 6656K, 0% used [0x0000000797b00000,0x0000000797b00000,0x0000000798180000)
 ParOldGen       total 87552K, used 3554K [0x0000000740000000, 0x0000000745580000, 0x0000000795580000)
  object space 87552K, 4% used [0x0000000740000000,0x0000000740378ba0,0x0000000745580000)
 Metaspace       used 10090K, capacity 10223K, committed 10368K, reserved 1058816K
  class space    used 1058K, capacity 1120K, committed 1152K, reserved 1048576K
}

